2021-05-13 08:40:58,820 INFO org.springframework.boot.StartupInfoLogger [restartedMain] Starting OnlineShoppingApplication using Java 15.0.2 on DESKTOP-I1F3RJM with PID 1048 (C:\Users\best buy\git\OnlineShoppingApplication\OnlineShoppingApplication\target\classes started by best buy in C:\Users\best buy\git\OnlineShoppingApplication\OnlineShoppingApplication)
2021-05-13 08:40:58,844 INFO org.springframework.boot.SpringApplication [restartedMain] No active profile set, falling back to default profiles: default
2021-05-13 08:40:59,587 INFO org.hibernate.validator.internal.util.Version [background-preinit] HV000001: Hibernate Validator 6.1.7.Final
2021-05-13 08:40:59,828 INFO org.springframework.boot.logging.DeferredLog [restartedMain] The Class-Path manifest attribute in C:\Users\best buy\.m2\repository\com\oracle\database\jdbc\ojdbc8\19.8.0.0\ojdbc8-19.8.0.0.jar referenced one or more files that do not exist: file:/C:/Users/best%20buy/.m2/repository/com/oracle/database/jdbc/ojdbc8/19.8.0.0/oraclepki.jar
2021-05-13 08:40:59,830 INFO org.springframework.boot.logging.DeferredLog [restartedMain] Devtools property defaults active! Set 'spring.devtools.add-properties' to 'false' to disable
2021-05-13 08:40:59,831 INFO org.springframework.boot.logging.DeferredLog [restartedMain] For additional web related logging consider setting the 'logging.level.web' property to 'DEBUG'
2021-05-13 08:41:19,695 INFO org.springframework.data.repository.config.RepositoryConfigurationDelegate [restartedMain] Bootstrapping Spring Data JPA repositories in DEFAULT mode.
2021-05-13 08:41:20,589 INFO org.springframework.data.repository.config.RepositoryConfigurationDelegate [restartedMain] Finished Spring Data repository scanning in 823 ms. Found 6 JPA repository interfaces.
2021-05-13 08:41:25,362 INFO org.springframework.boot.web.embedded.tomcat.TomcatWebServer [restartedMain] Tomcat initialized with port(s): 8083 (http)
2021-05-13 08:41:25,418 INFO org.apache.juli.logging.DirectJDKLog [restartedMain] Initializing ProtocolHandler ["http-nio-8083"]
2021-05-13 08:41:25,420 INFO org.apache.juli.logging.DirectJDKLog [restartedMain] Starting service [Tomcat]
2021-05-13 08:41:25,422 INFO org.apache.juli.logging.DirectJDKLog [restartedMain] Starting Servlet engine: [Apache Tomcat/9.0.45]
2021-05-13 08:41:26,121 INFO org.apache.juli.logging.DirectJDKLog [restartedMain] Initializing Spring embedded WebApplicationContext
2021-05-13 08:41:26,122 INFO org.springframework.boot.web.servlet.context.ServletWebServerApplicationContext [restartedMain] Root WebApplicationContext: initialization completed in 26290 ms
2021-05-13 08:41:27,025 INFO com.zaxxer.hikari.HikariDataSource [restartedMain] HikariPool-1 - Starting...
2021-05-13 08:41:27,037 WARN com.zaxxer.hikari.util.DriverDataSource [restartedMain] Registered driver with driverClassName=oracle.jdbc.driver.OracleDriver was not found, trying direct instantiation.
2021-05-13 08:41:29,237 INFO com.zaxxer.hikari.HikariDataSource [restartedMain] HikariPool-1 - Start completed.
2021-05-13 08:41:29,807 INFO org.hibernate.jpa.internal.util.LogHelper [restartedMain] HHH000204: Processing PersistenceUnitInfo [name: default]
2021-05-13 08:41:30,366 INFO org.hibernate.Version [restartedMain] HHH000412: Hibernate ORM core version 5.4.30.Final
2021-05-13 08:41:32,462 INFO org.hibernate.annotations.common.reflection.java.JavaReflectionManager [restartedMain] HCANN000001: Hibernate Commons Annotations {5.1.2.Final}
2021-05-13 08:41:34,088 INFO org.hibernate.dialect.Dialect [restartedMain] HHH000400: Using dialect: org.hibernate.dialect.Oracle10gDialect
2021-05-13 08:41:49,897 INFO org.hibernate.engine.transaction.jta.platform.internal.JtaPlatformInitiator [restartedMain] HHH000490: Using JtaPlatform implementation: [org.hibernate.engine.transaction.jta.platform.internal.NoJtaPlatform]
2021-05-13 08:41:50,006 INFO org.springframework.orm.jpa.AbstractEntityManagerFactoryBean [restartedMain] Initialized JPA EntityManagerFactory for persistence unit 'default'
2021-05-13 08:42:02,135 WARN org.springframework.boot.autoconfigure.orm.jpa.JpaBaseConfiguration$JpaWebConfiguration [restartedMain] spring.jpa.open-in-view is enabled by default. Therefore, database queries may be performed during view rendering. Explicitly configure spring.jpa.open-in-view to disable this warning
2021-05-13 08:42:03,693 INFO springfox.documentation.spring.web.PropertySourcedRequestMappingHandlerMapping [restartedMain] Mapped URL path [/v2/api-docs] onto method [springfox.documentation.swagger2.web.Swagger2Controller#getDocumentation(String, HttpServletRequest)]
2021-05-13 08:42:04,433 INFO org.springframework.scheduling.concurrent.ExecutorConfigurationSupport [restartedMain] Initializing ExecutorService 'applicationTaskExecutor'
2021-05-13 08:42:04,852 INFO org.springframework.boot.devtools.autoconfigure.OptionalLiveReloadServer [restartedMain] LiveReload server is running on port 35729
2021-05-13 08:42:06,408 INFO org.apache.juli.logging.DirectJDKLog [restartedMain] Starting ProtocolHandler ["http-nio-8083"]
2021-05-13 08:42:06,571 INFO org.springframework.boot.web.embedded.tomcat.TomcatWebServer [restartedMain] Tomcat started on port(s): 8083 (http) with context path ''
2021-05-13 08:42:06,574 INFO springfox.documentation.spring.web.plugins.DocumentationPluginsBootstrapper [restartedMain] Context refreshed
2021-05-13 08:42:06,806 INFO springfox.documentation.spring.web.plugins.DocumentationPluginsBootstrapper [restartedMain] Found 1 custom documentation plugin(s)
2021-05-13 08:42:06,932 INFO springfox.documentation.spring.web.scanners.ApiListingReferenceScanner [restartedMain] Scanning for api listing references
2021-05-13 08:42:08,101 INFO springfox.documentation.spring.web.readers.operation.CachingOperationNameGenerator [restartedMain] Generating unique operation named: removeCustomerUsingDELETE_1
2021-05-13 08:42:08,349 INFO springfox.documentation.spring.web.readers.operation.CachingOperationNameGenerator [restartedMain] Generating unique operation named: viewAllProductsUsingGET_1
2021-05-13 08:42:08,491 INFO org.springframework.boot.StartupInfoLogger [restartedMain] Started OnlineShoppingApplication in 75.186 seconds (JVM running for 87.494)
2021-05-13 08:42:13,792 INFO org.apache.juli.logging.DirectJDKLog [http-nio-8083-exec-1] Initializing Spring DispatcherServlet 'dispatcherServlet'
2021-05-13 08:42:13,793 INFO org.springframework.web.servlet.FrameworkServlet [http-nio-8083-exec-1] Initializing Servlet 'dispatcherServlet'
2021-05-13 08:42:13,801 INFO org.springframework.web.servlet.FrameworkServlet [http-nio-8083-exec-1] Completed initialization in 6 ms
2021-05-13 08:59:11,019 INFO org.springframework.scheduling.concurrent.ExecutorConfigurationSupport [Thread-9] Shutting down ExecutorService 'applicationTaskExecutor'
2021-05-13 08:59:11,044 INFO org.springframework.orm.jpa.AbstractEntityManagerFactoryBean [Thread-9] Closing JPA EntityManagerFactory for persistence unit 'default'
2021-05-13 08:59:11,061 INFO com.zaxxer.hikari.HikariDataSource [Thread-9] HikariPool-1 - Shutdown initiated...
2021-05-13 08:59:11,133 INFO com.zaxxer.hikari.HikariDataSource [Thread-9] HikariPool-1 - Shutdown completed.
2021-05-13 08:59:11,520 INFO org.springframework.boot.StartupInfoLogger [restartedMain] Starting OnlineShoppingApplication using Java 15.0.2 on DESKTOP-I1F3RJM with PID 1048 (C:\Users\best buy\git\OnlineShoppingApplication\OnlineShoppingApplication\target\classes started by best buy in C:\Users\best buy\git\OnlineShoppingApplication\OnlineShoppingApplication)
2021-05-13 08:59:11,521 INFO org.springframework.boot.SpringApplication [restartedMain] No active profile set, falling back to default profiles: default
2021-05-13 08:59:12,889 INFO org.springframework.data.repository.config.RepositoryConfigurationDelegate [restartedMain] Bootstrapping Spring Data JPA repositories in DEFAULT mode.
2021-05-13 08:59:13,015 INFO org.springframework.data.repository.config.RepositoryConfigurationDelegate [restartedMain] Finished Spring Data repository scanning in 124 ms. Found 6 JPA repository interfaces.
2021-05-13 08:59:13,400 INFO org.springframework.boot.web.embedded.tomcat.TomcatWebServer [restartedMain] Tomcat initialized with port(s): 8083 (http)
2021-05-13 08:59:13,403 INFO org.apache.juli.logging.DirectJDKLog [restartedMain] Initializing ProtocolHandler ["http-nio-8083"]
2021-05-13 08:59:13,405 INFO org.apache.juli.logging.DirectJDKLog [restartedMain] Starting service [Tomcat]
2021-05-13 08:59:13,405 INFO org.apache.juli.logging.DirectJDKLog [restartedMain] Starting Servlet engine: [Apache Tomcat/9.0.45]
2021-05-13 08:59:13,526 INFO org.apache.juli.logging.DirectJDKLog [restartedMain] Initializing Spring embedded WebApplicationContext
2021-05-13 08:59:13,527 INFO org.springframework.boot.web.servlet.context.ServletWebServerApplicationContext [restartedMain] Root WebApplicationContext: initialization completed in 1997 ms
2021-05-13 08:59:13,668 INFO com.zaxxer.hikari.HikariDataSource [restartedMain] HikariPool-2 - Starting...
2021-05-13 08:59:13,669 WARN com.zaxxer.hikari.util.DriverDataSource [restartedMain] Registered driver with driverClassName=oracle.jdbc.driver.OracleDriver was not found, trying direct instantiation.
2021-05-13 08:59:13,730 INFO com.zaxxer.hikari.HikariDataSource [restartedMain] HikariPool-2 - Start completed.
2021-05-13 08:59:13,768 INFO org.hibernate.jpa.internal.util.LogHelper [restartedMain] HHH000204: Processing PersistenceUnitInfo [name: default]
2021-05-13 08:59:13,787 INFO org.hibernate.dialect.Dialect [restartedMain] HHH000400: Using dialect: org.hibernate.dialect.Oracle10gDialect
2021-05-13 08:59:14,325 INFO org.hibernate.engine.transaction.jta.platform.internal.JtaPlatformInitiator [restartedMain] HHH000490: Using JtaPlatform implementation: [org.hibernate.engine.transaction.jta.platform.internal.NoJtaPlatform]
2021-05-13 08:59:14,333 INFO org.springframework.orm.jpa.AbstractEntityManagerFactoryBean [restartedMain] Initialized JPA EntityManagerFactory for persistence unit 'default'
2021-05-13 08:59:15,155 WARN org.springframework.boot.autoconfigure.orm.jpa.JpaBaseConfiguration$JpaWebConfiguration [restartedMain] spring.jpa.open-in-view is enabled by default. Therefore, database queries may be performed during view rendering. Explicitly configure spring.jpa.open-in-view to disable this warning
2021-05-13 08:59:15,282 INFO springfox.documentation.spring.web.PropertySourcedRequestMappingHandlerMapping [restartedMain] Mapped URL path [/v2/api-docs] onto method [springfox.documentation.swagger2.web.Swagger2Controller#getDocumentation(String, HttpServletRequest)]
2021-05-13 08:59:15,454 INFO org.springframework.scheduling.concurrent.ExecutorConfigurationSupport [restartedMain] Initializing ExecutorService 'applicationTaskExecutor'
2021-05-13 08:59:15,501 INFO org.springframework.boot.devtools.autoconfigure.OptionalLiveReloadServer [restartedMain] LiveReload server is running on port 35729
2021-05-13 08:59:15,769 INFO org.apache.juli.logging.DirectJDKLog [restartedMain] Starting ProtocolHandler ["http-nio-8083"]
2021-05-13 08:59:15,777 INFO org.springframework.boot.web.embedded.tomcat.TomcatWebServer [restartedMain] Tomcat started on port(s): 8083 (http) with context path ''
2021-05-13 08:59:15,779 INFO springfox.documentation.spring.web.plugins.DocumentationPluginsBootstrapper [restartedMain] Context refreshed
2021-05-13 08:59:15,780 INFO springfox.documentation.spring.web.plugins.DocumentationPluginsBootstrapper [restartedMain] Found 1 custom documentation plugin(s)
2021-05-13 08:59:15,787 INFO springfox.documentation.spring.web.scanners.ApiListingReferenceScanner [restartedMain] Scanning for api listing references
2021-05-13 08:59:16,056 INFO springfox.documentation.spring.web.readers.operation.CachingOperationNameGenerator [restartedMain] Generating unique operation named: removeCustomerUsingDELETE_1
2021-05-13 08:59:16,266 INFO springfox.documentation.spring.web.readers.operation.CachingOperationNameGenerator [restartedMain] Generating unique operation named: viewAllProductsUsingGET_1
2021-05-13 08:59:16,303 INFO org.springframework.boot.StartupInfoLogger [restartedMain] Started OnlineShoppingApplication in 4.921 seconds (JVM running for 1115.306)
2021-05-13 08:59:16,317 INFO org.springframework.boot.devtools.autoconfigure.ConditionEvaluationDeltaLoggingListener [restartedMain] Condition evaluation unchanged
2021-05-13 10:06:50,161 INFO org.apache.juli.logging.DirectJDKLog [http-nio-8083-exec-1] Initializing Spring DispatcherServlet 'dispatcherServlet'
2021-05-13 10:06:50,164 INFO org.springframework.web.servlet.FrameworkServlet [http-nio-8083-exec-1] Initializing Servlet 'dispatcherServlet'
2021-05-13 10:06:50,172 INFO org.springframework.web.servlet.FrameworkServlet [http-nio-8083-exec-1] Completed initialization in 7 ms
2021-05-13 10:08:01,696 INFO com.cg.onlineshopping.controller.IProductController [http-nio-8083-exec-4] product viewAllProducts
2021-05-13 10:08:01,764 INFO com.cg.onlineshopping.service.impl.IProductServiceImpl [http-nio-8083-exec-4] Product ProductviewAllProducts
2021-05-13 10:43:40,963 INFO org.springframework.scheduling.concurrent.ExecutorConfigurationSupport [Thread-13] Shutting down ExecutorService 'applicationTaskExecutor'
2021-05-13 10:43:40,974 INFO org.springframework.orm.jpa.AbstractEntityManagerFactoryBean [Thread-13] Closing JPA EntityManagerFactory for persistence unit 'default'
2021-05-13 10:43:40,981 INFO com.zaxxer.hikari.HikariDataSource [Thread-13] HikariPool-2 - Shutdown initiated...
2021-05-13 10:43:41,012 INFO com.zaxxer.hikari.HikariDataSource [Thread-13] HikariPool-2 - Shutdown completed.
2021-05-13 10:43:41,495 INFO org.springframework.boot.StartupInfoLogger [restartedMain] Starting OnlineShoppingApplication using Java 15.0.2 on DESKTOP-I1F3RJM with PID 1048 (C:\Users\best buy\git\OnlineShoppingApplication\OnlineShoppingApplication\target\classes started by best buy in C:\Users\best buy\git\OnlineShoppingApplication\OnlineShoppingApplication)
2021-05-13 10:43:41,496 INFO org.springframework.boot.SpringApplication [restartedMain] No active profile set, falling back to default profiles: default
2021-05-13 10:43:42,842 INFO org.springframework.data.repository.config.RepositoryConfigurationDelegate [restartedMain] Bootstrapping Spring Data JPA repositories in DEFAULT mode.
2021-05-13 10:43:42,975 INFO org.springframework.data.repository.config.RepositoryConfigurationDelegate [restartedMain] Finished Spring Data repository scanning in 130 ms. Found 6 JPA repository interfaces.
2021-05-13 10:43:43,344 INFO org.springframework.boot.web.embedded.tomcat.TomcatWebServer [restartedMain] Tomcat initialized with port(s): 8083 (http)
2021-05-13 10:43:43,346 INFO org.apache.juli.logging.DirectJDKLog [restartedMain] Initializing ProtocolHandler ["http-nio-8083"]
2021-05-13 10:43:43,346 INFO org.apache.juli.logging.DirectJDKLog [restartedMain] Starting service [Tomcat]
2021-05-13 10:43:43,347 INFO org.apache.juli.logging.DirectJDKLog [restartedMain] Starting Servlet engine: [Apache Tomcat/9.0.45]
2021-05-13 10:43:43,442 INFO org.apache.juli.logging.DirectJDKLog [restartedMain] Initializing Spring embedded WebApplicationContext
2021-05-13 10:43:43,442 INFO org.springframework.boot.web.servlet.context.ServletWebServerApplicationContext [restartedMain] Root WebApplicationContext: initialization completed in 1935 ms
2021-05-13 10:43:43,572 INFO com.zaxxer.hikari.HikariDataSource [restartedMain] HikariPool-3 - Starting...
2021-05-13 10:43:43,573 WARN com.zaxxer.hikari.util.DriverDataSource [restartedMain] Registered driver with driverClassName=oracle.jdbc.driver.OracleDriver was not found, trying direct instantiation.
2021-05-13 10:43:43,624 INFO com.zaxxer.hikari.HikariDataSource [restartedMain] HikariPool-3 - Start completed.
2021-05-13 10:43:43,662 INFO org.hibernate.jpa.internal.util.LogHelper [restartedMain] HHH000204: Processing PersistenceUnitInfo [name: default]
2021-05-13 10:43:43,684 INFO org.hibernate.dialect.Dialect [restartedMain] HHH000400: Using dialect: org.hibernate.dialect.Oracle10gDialect
2021-05-13 10:43:44,105 INFO org.hibernate.engine.transaction.jta.platform.internal.JtaPlatformInitiator [restartedMain] HHH000490: Using JtaPlatform implementation: [org.hibernate.engine.transaction.jta.platform.internal.NoJtaPlatform]
2021-05-13 10:43:44,107 INFO org.springframework.orm.jpa.AbstractEntityManagerFactoryBean [restartedMain] Initialized JPA EntityManagerFactory for persistence unit 'default'
2021-05-13 10:43:44,880 WARN org.springframework.boot.autoconfigure.orm.jpa.JpaBaseConfiguration$JpaWebConfiguration [restartedMain] spring.jpa.open-in-view is enabled by default. Therefore, database queries may be performed during view rendering. Explicitly configure spring.jpa.open-in-view to disable this warning
2021-05-13 10:43:45,012 INFO springfox.documentation.spring.web.PropertySourcedRequestMappingHandlerMapping [restartedMain] Mapped URL path [/v2/api-docs] onto method [springfox.documentation.swagger2.web.Swagger2Controller#getDocumentation(String, HttpServletRequest)]
2021-05-13 10:43:45,172 INFO org.springframework.scheduling.concurrent.ExecutorConfigurationSupport [restartedMain] Initializing ExecutorService 'applicationTaskExecutor'
2021-05-13 10:43:45,232 INFO org.springframework.boot.devtools.autoconfigure.OptionalLiveReloadServer [restartedMain] LiveReload server is running on port 35729
2021-05-13 10:43:45,494 INFO org.apache.juli.logging.DirectJDKLog [restartedMain] Starting ProtocolHandler ["http-nio-8083"]
2021-05-13 10:43:45,499 INFO org.springframework.boot.web.embedded.tomcat.TomcatWebServer [restartedMain] Tomcat started on port(s): 8083 (http) with context path ''
2021-05-13 10:43:45,501 INFO springfox.documentation.spring.web.plugins.DocumentationPluginsBootstrapper [restartedMain] Context refreshed
2021-05-13 10:43:45,504 INFO springfox.documentation.spring.web.plugins.DocumentationPluginsBootstrapper [restartedMain] Found 1 custom documentation plugin(s)
2021-05-13 10:43:45,511 INFO springfox.documentation.spring.web.scanners.ApiListingReferenceScanner [restartedMain] Scanning for api listing references
2021-05-13 10:43:45,793 INFO springfox.documentation.spring.web.readers.operation.CachingOperationNameGenerator [restartedMain] Generating unique operation named: removeCustomerUsingDELETE_1
2021-05-13 10:43:45,913 INFO springfox.documentation.spring.web.readers.operation.CachingOperationNameGenerator [restartedMain] Generating unique operation named: viewAllProductsUsingGET_1
2021-05-13 10:43:45,941 INFO org.springframework.boot.StartupInfoLogger [restartedMain] Started OnlineShoppingApplication in 4.575 seconds (JVM running for 7384.944)
2021-05-13 10:43:45,945 INFO org.springframework.boot.devtools.autoconfigure.ConditionEvaluationDeltaLoggingListener [restartedMain] Condition evaluation unchanged
2021-05-13 10:44:03,838 INFO org.springframework.scheduling.concurrent.ExecutorConfigurationSupport [Thread-20] Shutting down ExecutorService 'applicationTaskExecutor'
2021-05-13 10:44:03,842 INFO org.springframework.orm.jpa.AbstractEntityManagerFactoryBean [Thread-20] Closing JPA EntityManagerFactory for persistence unit 'default'
2021-05-13 10:44:03,844 INFO com.zaxxer.hikari.HikariDataSource [Thread-20] HikariPool-3 - Shutdown initiated...
2021-05-13 10:44:03,853 INFO com.zaxxer.hikari.HikariDataSource [Thread-20] HikariPool-3 - Shutdown completed.
2021-05-13 10:44:04,066 INFO org.springframework.boot.StartupInfoLogger [restartedMain] Starting OnlineShoppingApplication using Java 15.0.2 on DESKTOP-I1F3RJM with PID 1048 (C:\Users\best buy\git\OnlineShoppingApplication\OnlineShoppingApplication\target\classes started by best buy in C:\Users\best buy\git\OnlineShoppingApplication\OnlineShoppingApplication)
2021-05-13 10:44:04,067 INFO org.springframework.boot.SpringApplication [restartedMain] No active profile set, falling back to default profiles: default
2021-05-13 10:44:04,922 INFO org.springframework.data.repository.config.RepositoryConfigurationDelegate [restartedMain] Bootstrapping Spring Data JPA repositories in DEFAULT mode.
2021-05-13 10:44:05,001 INFO org.springframework.data.repository.config.RepositoryConfigurationDelegate [restartedMain] Finished Spring Data repository scanning in 78 ms. Found 6 JPA repository interfaces.
2021-05-13 10:44:05,355 INFO org.springframework.boot.web.embedded.tomcat.TomcatWebServer [restartedMain] Tomcat initialized with port(s): 8083 (http)
2021-05-13 10:44:05,358 INFO org.apache.juli.logging.DirectJDKLog [restartedMain] Initializing ProtocolHandler ["http-nio-8083"]
2021-05-13 10:44:05,359 INFO org.apache.juli.logging.DirectJDKLog [restartedMain] Starting service [Tomcat]
2021-05-13 10:44:05,359 INFO org.apache.juli.logging.DirectJDKLog [restartedMain] Starting Servlet engine: [Apache Tomcat/9.0.45]
2021-05-13 10:44:05,456 INFO org.apache.juli.logging.DirectJDKLog [restartedMain] Initializing Spring embedded WebApplicationContext
2021-05-13 10:44:05,457 INFO org.springframework.boot.web.servlet.context.ServletWebServerApplicationContext [restartedMain] Root WebApplicationContext: initialization completed in 1383 ms
2021-05-13 10:44:05,529 INFO com.zaxxer.hikari.HikariDataSource [restartedMain] HikariPool-4 - Starting...
2021-05-13 10:44:05,529 WARN com.zaxxer.hikari.util.DriverDataSource [restartedMain] Registered driver with driverClassName=oracle.jdbc.driver.OracleDriver was not found, trying direct instantiation.
2021-05-13 10:44:05,566 INFO com.zaxxer.hikari.HikariDataSource [restartedMain] HikariPool-4 - Start completed.
2021-05-13 10:44:05,598 INFO org.hibernate.jpa.internal.util.LogHelper [restartedMain] HHH000204: Processing PersistenceUnitInfo [name: default]
2021-05-13 10:44:05,613 INFO org.hibernate.dialect.Dialect [restartedMain] HHH000400: Using dialect: org.hibernate.dialect.Oracle10gDialect
2021-05-13 10:44:05,890 INFO org.hibernate.engine.transaction.jta.platform.internal.JtaPlatformInitiator [restartedMain] HHH000490: Using JtaPlatform implementation: [org.hibernate.engine.transaction.jta.platform.internal.NoJtaPlatform]
2021-05-13 10:44:05,892 INFO org.springframework.orm.jpa.AbstractEntityManagerFactoryBean [restartedMain] Initialized JPA EntityManagerFactory for persistence unit 'default'
2021-05-13 10:44:06,537 WARN org.springframework.boot.autoconfigure.orm.jpa.JpaBaseConfiguration$JpaWebConfiguration [restartedMain] spring.jpa.open-in-view is enabled by default. Therefore, database queries may be performed during view rendering. Explicitly configure spring.jpa.open-in-view to disable this warning
2021-05-13 10:44:06,629 INFO springfox.documentation.spring.web.PropertySourcedRequestMappingHandlerMapping [restartedMain] Mapped URL path [/v2/api-docs] onto method [springfox.documentation.swagger2.web.Swagger2Controller#getDocumentation(String, HttpServletRequest)]
2021-05-13 10:44:06,705 INFO org.springframework.scheduling.concurrent.ExecutorConfigurationSupport [restartedMain] Initializing ExecutorService 'applicationTaskExecutor'
2021-05-13 10:44:06,725 INFO org.springframework.boot.devtools.autoconfigure.OptionalLiveReloadServer [restartedMain] LiveReload server is running on port 35729
2021-05-13 10:44:06,864 INFO org.apache.juli.logging.DirectJDKLog [restartedMain] Starting ProtocolHandler ["http-nio-8083"]
2021-05-13 10:44:06,871 INFO org.springframework.boot.web.embedded.tomcat.TomcatWebServer [restartedMain] Tomcat started on port(s): 8083 (http) with context path ''
2021-05-13 10:44:06,872 INFO springfox.documentation.spring.web.plugins.DocumentationPluginsBootstrapper [restartedMain] Context refreshed
2021-05-13 10:44:06,874 INFO springfox.documentation.spring.web.plugins.DocumentationPluginsBootstrapper [restartedMain] Found 1 custom documentation plugin(s)
2021-05-13 10:44:06,891 INFO springfox.documentation.spring.web.scanners.ApiListingReferenceScanner [restartedMain] Scanning for api listing references
2021-05-13 10:44:07,178 INFO springfox.documentation.spring.web.readers.operation.CachingOperationNameGenerator [restartedMain] Generating unique operation named: removeCustomerUsingDELETE_1
2021-05-13 10:44:07,349 INFO springfox.documentation.spring.web.readers.operation.CachingOperationNameGenerator [restartedMain] Generating unique operation named: viewAllProductsUsingGET_1
2021-05-13 10:44:07,386 INFO org.springframework.boot.StartupInfoLogger [restartedMain] Started OnlineShoppingApplication in 3.421 seconds (JVM running for 7406.389)
2021-05-13 10:44:07,391 INFO org.springframework.boot.devtools.autoconfigure.ConditionEvaluationDeltaLoggingListener [restartedMain] Condition evaluation unchanged
2021-05-13 12:04:20,185 INFO org.apache.juli.logging.DirectJDKLog [http-nio-8083-exec-1] Initializing Spring DispatcherServlet 'dispatcherServlet'
2021-05-13 12:04:20,190 INFO org.springframework.web.servlet.FrameworkServlet [http-nio-8083-exec-1] Initializing Servlet 'dispatcherServlet'
2021-05-13 12:04:20,194 INFO org.springframework.web.servlet.FrameworkServlet [http-nio-8083-exec-1] Completed initialization in 3 ms
2021-05-13 12:04:20,488 INFO com.cg.onlineshopping.controller.ICustomerController [http-nio-8083-exec-1] Customer addCustomer
2021-05-13 12:04:20,508 INFO com.cg.onlineshopping.service.impl.ICustomerServiceImpl [http-nio-8083-exec-1] Customer addCustomer
2021-05-13 12:05:42,758 INFO com.cg.onlineshopping.controller.ICustomerController [http-nio-8083-exec-3] Customer viewAllCustomer
2021-05-13 12:05:42,764 INFO com.cg.onlineshopping.service.impl.ICustomerServiceImpl [http-nio-8083-exec-3] Customer viewAllCustomers
2021-05-13 12:06:32,090 INFO com.cg.onlineshopping.controller.IProductController [http-nio-8083-exec-4] product viewAllProducts
2021-05-13 12:06:32,101 INFO com.cg.onlineshopping.service.impl.IProductServiceImpl [http-nio-8083-exec-4] Product ProductviewAllProducts
2021-05-13 12:07:28,237 INFO com.cg.onlineshopping.controller.ICartController [http-nio-8083-exec-5] Cart addProductToCart()
2021-05-13 12:07:28,252 INFO com.cg.onlineshopping.service.impl.ICartServiceImpl [http-nio-8083-exec-5] Cart addProductToCart1()
2021-05-13 12:09:38,949 INFO com.cg.onlineshopping.controller.IOrderController [http-nio-8083-exec-7] order addOrder()
2021-05-13 12:09:38,960 INFO com.cg.onlineshopping.service.impl.IOrderServiceImpl [http-nio-8083-exec-7] Order addOrder()
2021-05-13 12:11:05,454 INFO com.cg.onlineshopping.service.impl.IOrderServiceImpl [http-nio-8083-exec-9] Order viewAllOrderByCustomerId
2021-05-13 12:11:35,389 INFO com.cg.onlineshopping.controller.IOrderController [http-nio-8083-exec-10]  Order removeOrder()
2021-05-13 12:11:35,392 INFO com.cg.onlineshopping.service.impl.IOrderServiceImpl [http-nio-8083-exec-10] Order removeOrder()
2021-05-13 12:14:57,440 INFO com.cg.onlineshopping.controller.ICustomerController [http-nio-8083-exec-2] Customer addCustomer
2021-05-13 12:14:57,446 INFO com.cg.onlineshopping.service.impl.ICustomerServiceImpl [http-nio-8083-exec-2] InputCustomer updateCustomer()
2021-05-13 12:19:51,279 INFO org.springframework.boot.StartupInfoLogger [main] Starting IAddressServiceImplTest using Java 15.0.2 on DESKTOP-I1F3RJM with PID 7496 (started by best buy in C:\Users\best buy\git\OnlineShoppingApplication\OnlineShoppingApplication)
2021-05-13 12:19:51,292 INFO org.springframework.boot.SpringApplication [main] No active profile set, falling back to default profiles: default
2021-05-13 12:19:51,337 INFO org.hibernate.validator.internal.util.Version [background-preinit] HV000001: Hibernate Validator 6.1.7.Final
2021-05-13 12:19:55,193 INFO org.springframework.data.repository.config.RepositoryConfigurationDelegate [main] Bootstrapping Spring Data JPA repositories in DEFAULT mode.
2021-05-13 12:19:55,547 INFO org.springframework.data.repository.config.RepositoryConfigurationDelegate [main] Finished Spring Data repository scanning in 327 ms. Found 6 JPA repository interfaces.
2021-05-13 12:19:58,019 INFO com.zaxxer.hikari.HikariDataSource [main] HikariPool-1 - Starting...
2021-05-13 12:19:58,041 WARN com.zaxxer.hikari.util.DriverDataSource [main] Registered driver with driverClassName=oracle.jdbc.driver.OracleDriver was not found, trying direct instantiation.
2021-05-13 12:19:59,098 INFO com.zaxxer.hikari.HikariDataSource [main] HikariPool-1 - Start completed.
2021-05-13 12:19:59,420 INFO org.hibernate.jpa.internal.util.LogHelper [main] HHH000204: Processing PersistenceUnitInfo [name: default]
2021-05-13 12:19:59,793 INFO org.hibernate.Version [main] HHH000412: Hibernate ORM core version 5.4.30.Final
2021-05-13 12:20:00,336 INFO org.hibernate.annotations.common.reflection.java.JavaReflectionManager [main] HCANN000001: Hibernate Commons Annotations {5.1.2.Final}
2021-05-13 12:20:00,875 INFO org.hibernate.dialect.Dialect [main] HHH000400: Using dialect: org.hibernate.dialect.Oracle10gDialect
2021-05-13 12:20:03,873 INFO org.hibernate.engine.transaction.jta.platform.internal.JtaPlatformInitiator [main] HHH000490: Using JtaPlatform implementation: [org.hibernate.engine.transaction.jta.platform.internal.NoJtaPlatform]
2021-05-13 12:20:03,908 INFO org.springframework.orm.jpa.AbstractEntityManagerFactoryBean [main] Initialized JPA EntityManagerFactory for persistence unit 'default'
2021-05-13 12:20:08,308 WARN org.springframework.boot.autoconfigure.orm.jpa.JpaBaseConfiguration$JpaWebConfiguration [main] spring.jpa.open-in-view is enabled by default. Therefore, database queries may be performed during view rendering. Explicitly configure spring.jpa.open-in-view to disable this warning
2021-05-13 12:20:09,673 INFO springfox.documentation.spring.web.PropertySourcedRequestMappingHandlerMapping [main] Mapped URL path [/v2/api-docs] onto method [springfox.documentation.swagger2.web.Swagger2Controller#getDocumentation(String, HttpServletRequest)]
2021-05-13 12:20:10,956 INFO org.springframework.scheduling.concurrent.ExecutorConfigurationSupport [main] Initializing ExecutorService 'applicationTaskExecutor'
2021-05-13 12:20:12,569 INFO springfox.documentation.spring.web.plugins.DocumentationPluginsBootstrapper [main] Context refreshed
2021-05-13 12:20:12,670 INFO springfox.documentation.spring.web.plugins.DocumentationPluginsBootstrapper [main] Found 1 custom documentation plugin(s)
2021-05-13 12:20:12,788 INFO springfox.documentation.spring.web.scanners.ApiListingReferenceScanner [main] Scanning for api listing references
2021-05-13 12:20:13,741 INFO springfox.documentation.spring.web.readers.operation.CachingOperationNameGenerator [main] Generating unique operation named: removeCustomerUsingDELETE_1
2021-05-13 12:20:14,013 INFO springfox.documentation.spring.web.readers.operation.CachingOperationNameGenerator [main] Generating unique operation named: viewAllProductsUsingGET_1
2021-05-13 12:20:14,120 INFO org.springframework.boot.StartupInfoLogger [main] Started IAddressServiceImplTest in 24.236 seconds (JVM running for 29.127)
2021-05-13 12:20:15,170 INFO com.cg.onlineshopping.service.impl.IAdressServiceImpl [main] Address AddAddress()
2021-05-13 12:20:15,838 INFO org.springframework.scheduling.concurrent.ExecutorConfigurationSupport [SpringContextShutdownHook] Shutting down ExecutorService 'applicationTaskExecutor'
2021-05-13 12:20:15,865 INFO org.springframework.orm.jpa.AbstractEntityManagerFactoryBean [SpringContextShutdownHook] Closing JPA EntityManagerFactory for persistence unit 'default'
2021-05-13 12:20:15,872 INFO com.zaxxer.hikari.HikariDataSource [SpringContextShutdownHook] HikariPool-1 - Shutdown initiated...
2021-05-13 12:20:19,877 INFO com.zaxxer.hikari.HikariDataSource [SpringContextShutdownHook] HikariPool-1 - Shutdown completed.
2021-05-13 12:22:55,872 INFO org.springframework.boot.StartupInfoLogger [main] Starting IAddressServiceImplTest using Java 15.0.2 on DESKTOP-I1F3RJM with PID 20696 (started by best buy in C:\Users\best buy\git\OnlineShoppingApplication\OnlineShoppingApplication)
2021-05-13 12:22:55,880 INFO org.springframework.boot.SpringApplication [main] No active profile set, falling back to default profiles: default
2021-05-13 12:22:56,028 INFO org.hibernate.validator.internal.util.Version [background-preinit] HV000001: Hibernate Validator 6.1.7.Final
2021-05-13 12:22:59,794 INFO org.springframework.data.repository.config.RepositoryConfigurationDelegate [main] Bootstrapping Spring Data JPA repositories in DEFAULT mode.
2021-05-13 12:23:00,136 INFO org.springframework.data.repository.config.RepositoryConfigurationDelegate [main] Finished Spring Data repository scanning in 315 ms. Found 6 JPA repository interfaces.
2021-05-13 12:23:02,665 INFO com.zaxxer.hikari.HikariDataSource [main] HikariPool-1 - Starting...
2021-05-13 12:23:02,683 WARN com.zaxxer.hikari.util.DriverDataSource [main] Registered driver with driverClassName=oracle.jdbc.driver.OracleDriver was not found, trying direct instantiation.
2021-05-13 12:23:03,747 INFO com.zaxxer.hikari.HikariDataSource [main] HikariPool-1 - Start completed.
2021-05-13 12:23:04,225 INFO org.hibernate.jpa.internal.util.LogHelper [main] HHH000204: Processing PersistenceUnitInfo [name: default]
2021-05-13 12:23:04,580 INFO org.hibernate.Version [main] HHH000412: Hibernate ORM core version 5.4.30.Final
2021-05-13 12:23:05,157 INFO org.hibernate.annotations.common.reflection.java.JavaReflectionManager [main] HCANN000001: Hibernate Commons Annotations {5.1.2.Final}
2021-05-13 12:23:05,661 INFO org.hibernate.dialect.Dialect [main] HHH000400: Using dialect: org.hibernate.dialect.Oracle10gDialect
2021-05-13 12:23:08,610 INFO org.hibernate.engine.transaction.jta.platform.internal.JtaPlatformInitiator [main] HHH000490: Using JtaPlatform implementation: [org.hibernate.engine.transaction.jta.platform.internal.NoJtaPlatform]
2021-05-13 12:23:08,642 INFO org.springframework.orm.jpa.AbstractEntityManagerFactoryBean [main] Initialized JPA EntityManagerFactory for persistence unit 'default'
2021-05-13 12:23:12,202 WARN org.springframework.boot.autoconfigure.orm.jpa.JpaBaseConfiguration$JpaWebConfiguration [main] spring.jpa.open-in-view is enabled by default. Therefore, database queries may be performed during view rendering. Explicitly configure spring.jpa.open-in-view to disable this warning
2021-05-13 12:23:13,598 INFO springfox.documentation.spring.web.PropertySourcedRequestMappingHandlerMapping [main] Mapped URL path [/v2/api-docs] onto method [springfox.documentation.swagger2.web.Swagger2Controller#getDocumentation(String, HttpServletRequest)]
2021-05-13 12:23:14,993 INFO org.springframework.scheduling.concurrent.ExecutorConfigurationSupport [main] Initializing ExecutorService 'applicationTaskExecutor'
2021-05-13 12:23:16,874 INFO springfox.documentation.spring.web.plugins.DocumentationPluginsBootstrapper [main] Context refreshed
2021-05-13 12:23:16,969 INFO springfox.documentation.spring.web.plugins.DocumentationPluginsBootstrapper [main] Found 1 custom documentation plugin(s)
2021-05-13 12:23:17,093 INFO springfox.documentation.spring.web.scanners.ApiListingReferenceScanner [main] Scanning for api listing references
2021-05-13 12:23:17,801 INFO springfox.documentation.spring.web.readers.operation.CachingOperationNameGenerator [main] Generating unique operation named: removeCustomerUsingDELETE_1
2021-05-13 12:23:18,065 INFO springfox.documentation.spring.web.readers.operation.CachingOperationNameGenerator [main] Generating unique operation named: viewAllProductsUsingGET_1
2021-05-13 12:23:18,196 INFO org.springframework.boot.StartupInfoLogger [main] Started IAddressServiceImplTest in 23.66 seconds (JVM running for 27.569)
2021-05-13 12:23:19,102 INFO com.cg.onlineshopping.service.impl.IAdressServiceImpl [main] Address removeAddress()
2021-05-13 12:23:19,668 INFO org.springframework.scheduling.concurrent.ExecutorConfigurationSupport [SpringContextShutdownHook] Shutting down ExecutorService 'applicationTaskExecutor'
2021-05-13 12:23:19,689 INFO org.springframework.orm.jpa.AbstractEntityManagerFactoryBean [SpringContextShutdownHook] Closing JPA EntityManagerFactory for persistence unit 'default'
2021-05-13 12:23:19,698 INFO com.zaxxer.hikari.HikariDataSource [SpringContextShutdownHook] HikariPool-1 - Shutdown initiated...
2021-05-13 12:23:19,878 INFO com.zaxxer.hikari.HikariDataSource [SpringContextShutdownHook] HikariPool-1 - Shutdown completed.
2021-05-13 12:25:58,508 INFO org.springframework.boot.StartupInfoLogger [main] Starting IProductServiceImplTest using Java 15.0.2 on DESKTOP-I1F3RJM with PID 17832 (started by best buy in C:\Users\best buy\git\OnlineShoppingApplication\OnlineShoppingApplication)
2021-05-13 12:25:58,517 INFO org.springframework.boot.SpringApplication [main] No active profile set, falling back to default profiles: default
2021-05-13 12:25:58,582 INFO org.hibernate.validator.internal.util.Version [background-preinit] HV000001: Hibernate Validator 6.1.7.Final
2021-05-13 12:26:02,838 INFO org.springframework.data.repository.config.RepositoryConfigurationDelegate [main] Bootstrapping Spring Data JPA repositories in DEFAULT mode.
2021-05-13 12:26:03,207 INFO org.springframework.data.repository.config.RepositoryConfigurationDelegate [main] Finished Spring Data repository scanning in 341 ms. Found 6 JPA repository interfaces.
2021-05-13 12:26:05,646 INFO com.zaxxer.hikari.HikariDataSource [main] HikariPool-1 - Starting...
2021-05-13 12:26:05,665 WARN com.zaxxer.hikari.util.DriverDataSource [main] Registered driver with driverClassName=oracle.jdbc.driver.OracleDriver was not found, trying direct instantiation.
2021-05-13 12:26:06,800 INFO com.zaxxer.hikari.HikariDataSource [main] HikariPool-1 - Start completed.
2021-05-13 12:26:07,117 INFO org.hibernate.jpa.internal.util.LogHelper [main] HHH000204: Processing PersistenceUnitInfo [name: default]
2021-05-13 12:26:07,428 INFO org.hibernate.Version [main] HHH000412: Hibernate ORM core version 5.4.30.Final
2021-05-13 12:26:07,988 INFO org.hibernate.annotations.common.reflection.java.JavaReflectionManager [main] HCANN000001: Hibernate Commons Annotations {5.1.2.Final}
2021-05-13 12:26:08,515 INFO org.hibernate.dialect.Dialect [main] HHH000400: Using dialect: org.hibernate.dialect.Oracle10gDialect
2021-05-13 12:26:11,472 INFO org.hibernate.engine.transaction.jta.platform.internal.JtaPlatformInitiator [main] HHH000490: Using JtaPlatform implementation: [org.hibernate.engine.transaction.jta.platform.internal.NoJtaPlatform]
2021-05-13 12:26:11,498 INFO org.springframework.orm.jpa.AbstractEntityManagerFactoryBean [main] Initialized JPA EntityManagerFactory for persistence unit 'default'
2021-05-13 12:26:15,365 WARN org.springframework.boot.autoconfigure.orm.jpa.JpaBaseConfiguration$JpaWebConfiguration [main] spring.jpa.open-in-view is enabled by default. Therefore, database queries may be performed during view rendering. Explicitly configure spring.jpa.open-in-view to disable this warning
2021-05-13 12:26:16,873 INFO springfox.documentation.spring.web.PropertySourcedRequestMappingHandlerMapping [main] Mapped URL path [/v2/api-docs] onto method [springfox.documentation.swagger2.web.Swagger2Controller#getDocumentation(String, HttpServletRequest)]
2021-05-13 12:26:18,300 INFO org.springframework.scheduling.concurrent.ExecutorConfigurationSupport [main] Initializing ExecutorService 'applicationTaskExecutor'
2021-05-13 12:26:19,912 INFO springfox.documentation.spring.web.plugins.DocumentationPluginsBootstrapper [main] Context refreshed
2021-05-13 12:26:20,017 INFO springfox.documentation.spring.web.plugins.DocumentationPluginsBootstrapper [main] Found 1 custom documentation plugin(s)
2021-05-13 12:26:20,166 INFO springfox.documentation.spring.web.scanners.ApiListingReferenceScanner [main] Scanning for api listing references
2021-05-13 12:26:20,874 INFO springfox.documentation.spring.web.readers.operation.CachingOperationNameGenerator [main] Generating unique operation named: removeCustomerUsingDELETE_1
2021-05-13 12:26:21,077 INFO springfox.documentation.spring.web.readers.operation.CachingOperationNameGenerator [main] Generating unique operation named: viewAllProductsUsingGET_1
2021-05-13 12:26:21,178 INFO org.springframework.boot.StartupInfoLogger [main] Started IProductServiceImplTest in 23.911 seconds (JVM running for 28.13)
2021-05-13 12:26:22,534 INFO com.cg.onlineshopping.service.impl.IProductServiceImpl [main] Product addProduct
2021-05-13 12:26:22,889 INFO org.springframework.scheduling.concurrent.ExecutorConfigurationSupport [SpringContextShutdownHook] Shutting down ExecutorService 'applicationTaskExecutor'
2021-05-13 12:26:22,992 INFO org.springframework.orm.jpa.AbstractEntityManagerFactoryBean [SpringContextShutdownHook] Closing JPA EntityManagerFactory for persistence unit 'default'
2021-05-13 12:26:23,000 INFO com.zaxxer.hikari.HikariDataSource [SpringContextShutdownHook] HikariPool-1 - Shutdown initiated...
2021-05-13 12:26:27,451 INFO com.zaxxer.hikari.HikariDataSource [SpringContextShutdownHook] HikariPool-1 - Shutdown completed.
2021-05-13 12:27:47,582 INFO org.springframework.boot.StartupInfoLogger [main] Starting IProductServiceImplTest using Java 15.0.2 on DESKTOP-I1F3RJM with PID 20092 (started by best buy in C:\Users\best buy\git\OnlineShoppingApplication\OnlineShoppingApplication)
2021-05-13 12:27:47,649 INFO org.springframework.boot.SpringApplication [main] No active profile set, falling back to default profiles: default
2021-05-13 12:27:47,923 INFO org.hibernate.validator.internal.util.Version [background-preinit] HV000001: Hibernate Validator 6.1.7.Final
2021-05-13 12:27:51,985 INFO org.springframework.data.repository.config.RepositoryConfigurationDelegate [main] Bootstrapping Spring Data JPA repositories in DEFAULT mode.
2021-05-13 12:27:52,327 INFO org.springframework.data.repository.config.RepositoryConfigurationDelegate [main] Finished Spring Data repository scanning in 314 ms. Found 6 JPA repository interfaces.
2021-05-13 12:27:54,675 INFO com.zaxxer.hikari.HikariDataSource [main] HikariPool-1 - Starting...
2021-05-13 12:27:54,691 WARN com.zaxxer.hikari.util.DriverDataSource [main] Registered driver with driverClassName=oracle.jdbc.driver.OracleDriver was not found, trying direct instantiation.
2021-05-13 12:27:55,875 INFO com.zaxxer.hikari.HikariDataSource [main] HikariPool-1 - Start completed.
2021-05-13 12:27:56,386 INFO org.hibernate.jpa.internal.util.LogHelper [main] HHH000204: Processing PersistenceUnitInfo [name: default]
2021-05-13 12:27:56,847 INFO org.hibernate.Version [main] HHH000412: Hibernate ORM core version 5.4.30.Final
2021-05-13 12:27:57,499 INFO org.hibernate.annotations.common.reflection.java.JavaReflectionManager [main] HCANN000001: Hibernate Commons Annotations {5.1.2.Final}
2021-05-13 12:27:58,014 INFO org.hibernate.dialect.Dialect [main] HHH000400: Using dialect: org.hibernate.dialect.Oracle10gDialect
2021-05-13 12:28:01,104 INFO org.hibernate.engine.transaction.jta.platform.internal.JtaPlatformInitiator [main] HHH000490: Using JtaPlatform implementation: [org.hibernate.engine.transaction.jta.platform.internal.NoJtaPlatform]
2021-05-13 12:28:01,129 INFO org.springframework.orm.jpa.AbstractEntityManagerFactoryBean [main] Initialized JPA EntityManagerFactory for persistence unit 'default'
2021-05-13 12:28:04,888 WARN org.springframework.boot.autoconfigure.orm.jpa.JpaBaseConfiguration$JpaWebConfiguration [main] spring.jpa.open-in-view is enabled by default. Therefore, database queries may be performed during view rendering. Explicitly configure spring.jpa.open-in-view to disable this warning
2021-05-13 12:28:06,560 INFO springfox.documentation.spring.web.PropertySourcedRequestMappingHandlerMapping [main] Mapped URL path [/v2/api-docs] onto method [springfox.documentation.swagger2.web.Swagger2Controller#getDocumentation(String, HttpServletRequest)]
2021-05-13 12:28:07,998 INFO org.springframework.scheduling.concurrent.ExecutorConfigurationSupport [main] Initializing ExecutorService 'applicationTaskExecutor'
2021-05-13 12:28:09,455 INFO springfox.documentation.spring.web.plugins.DocumentationPluginsBootstrapper [main] Context refreshed
2021-05-13 12:28:09,532 INFO springfox.documentation.spring.web.plugins.DocumentationPluginsBootstrapper [main] Found 1 custom documentation plugin(s)
2021-05-13 12:28:09,649 INFO springfox.documentation.spring.web.scanners.ApiListingReferenceScanner [main] Scanning for api listing references
2021-05-13 12:28:10,668 INFO springfox.documentation.spring.web.readers.operation.CachingOperationNameGenerator [main] Generating unique operation named: removeCustomerUsingDELETE_1
2021-05-13 12:28:10,867 INFO springfox.documentation.spring.web.readers.operation.CachingOperationNameGenerator [main] Generating unique operation named: viewAllProductsUsingGET_1
2021-05-13 12:28:10,947 INFO org.springframework.boot.StartupInfoLogger [main] Started IProductServiceImplTest in 24.765 seconds (JVM running for 28.56)
2021-05-13 12:28:12,017 INFO com.cg.onlineshopping.service.impl.IProductServiceImpl [main] Product viewProduct
2021-05-13 12:28:12,278 INFO com.cg.onlineshopping.service.impl.IProductServiceImpl [main] Product addProduct
2021-05-13 12:28:12,371 INFO com.cg.onlineshopping.service.impl.IProductServiceImpl [main] Product updateProduct
2021-05-13 12:28:12,389 INFO com.cg.onlineshopping.service.impl.IProductServiceImpl [main] Product ProductviewAllProducts
2021-05-13 12:28:12,442 INFO org.springframework.scheduling.concurrent.ExecutorConfigurationSupport [SpringContextShutdownHook] Shutting down ExecutorService 'applicationTaskExecutor'
2021-05-13 12:28:12,475 INFO org.springframework.orm.jpa.AbstractEntityManagerFactoryBean [SpringContextShutdownHook] Closing JPA EntityManagerFactory for persistence unit 'default'
2021-05-13 12:28:12,480 INFO com.zaxxer.hikari.HikariDataSource [SpringContextShutdownHook] HikariPool-1 - Shutdown initiated...
2021-05-13 12:28:16,781 INFO com.zaxxer.hikari.HikariDataSource [SpringContextShutdownHook] HikariPool-1 - Shutdown completed.
2021-05-13 12:32:37,442 INFO com.cg.onlineshopping.controller.ICustomerController [http-nio-8083-exec-4] Customer viewCustomer
2021-05-13 12:32:37,445 INFO com.cg.onlineshopping.service.impl.ICustomerServiceImpl [http-nio-8083-exec-4] Customer viewCustomer
2021-05-13 12:32:37,480 WARN org.springframework.web.servlet.handler.AbstractHandlerExceptionResolver [http-nio-8083-exec-4] Resolved [com.cg.onlineshopping.error.CustomerNotFoundException]
2021-05-13 12:34:17,170 WARN org.springframework.web.servlet.handler.AbstractHandlerExceptionResolver [http-nio-8083-exec-6] Resolved [org.springframework.web.bind.MethodArgumentNotValidException: Validation failed for argument [0] in public com.cg.onlineshopping.pojo.InputCustomer com.cg.onlineshopping.controller.ICustomerController.addCustomer(com.cg.onlineshopping.pojo.InputCustomer): [Field error in object 'inputCustomer' on field 'firstName': rejected value [null]; codes [NotEmpty.inputCustomer.firstName,NotEmpty.firstName,NotEmpty.java.lang.String,NotEmpty]; arguments [org.springframework.context.support.DefaultMessageSourceResolvable: codes [inputCustomer.firstName,firstName]; arguments []; default message [firstName]]; default message [First Name can not be null]] ]
2021-05-13 12:34:59,678 WARN org.springframework.web.servlet.handler.AbstractHandlerExceptionResolver [http-nio-8083-exec-7] Resolved [org.springframework.web.bind.MethodArgumentNotValidException: Validation failed for argument [0] in public com.cg.onlineshopping.entities.Product com.cg.onlineshopping.controller.IProductController.addProduct(com.cg.onlineshopping.entities.Product) with 2 errors: [Field error in object 'product' on field 'quantity': rejected value [0]; codes [Min.product.quantity,Min.quantity,Min.int,Min]; arguments [org.springframework.context.support.DefaultMessageSourceResolvable: codes [product.quantity,quantity]; arguments []; default message [quantity],1]; default message [Quantity should be greater than zero]] [Field error in object 'product' on field 'price': rejected value [0.0]; codes [Min.product.price,Min.price,Min.double,Min]; arguments [org.springframework.context.support.DefaultMessageSourceResolvable: codes [product.price,price]; arguments []; default message [price],1]; default message [price should be greater than zero]] ]
2021-05-13 12:36:14,166 INFO org.springframework.scheduling.concurrent.ExecutorConfigurationSupport [Thread-26] Shutting down ExecutorService 'applicationTaskExecutor'
2021-05-13 12:36:14,170 INFO org.springframework.orm.jpa.AbstractEntityManagerFactoryBean [Thread-26] Closing JPA EntityManagerFactory for persistence unit 'default'
2021-05-13 12:36:14,173 INFO com.zaxxer.hikari.HikariDataSource [Thread-26] HikariPool-4 - Shutdown initiated...
2021-05-13 12:36:14,184 INFO com.zaxxer.hikari.HikariDataSource [Thread-26] HikariPool-4 - Shutdown completed.
2021-05-13 12:36:14,631 INFO org.springframework.boot.StartupInfoLogger [restartedMain] Starting OnlineShoppingApplication using Java 15.0.2 on DESKTOP-I1F3RJM with PID 1048 (C:\Users\best buy\git\OnlineShoppingApplication\OnlineShoppingApplication\target\classes started by best buy in C:\Users\best buy\git\OnlineShoppingApplication\OnlineShoppingApplication)
2021-05-13 12:36:14,633 INFO org.springframework.boot.SpringApplication [restartedMain] No active profile set, falling back to default profiles: default
2021-05-13 12:36:16,079 INFO org.springframework.data.repository.config.RepositoryConfigurationDelegate [restartedMain] Bootstrapping Spring Data JPA repositories in DEFAULT mode.
2021-05-13 12:36:16,172 INFO org.springframework.data.repository.config.RepositoryConfigurationDelegate [restartedMain] Finished Spring Data repository scanning in 91 ms. Found 6 JPA repository interfaces.
2021-05-13 12:36:16,475 INFO org.springframework.boot.web.embedded.tomcat.TomcatWebServer [restartedMain] Tomcat initialized with port(s): 8083 (http)
2021-05-13 12:36:16,477 INFO org.apache.juli.logging.DirectJDKLog [restartedMain] Initializing ProtocolHandler ["http-nio-8083"]
2021-05-13 12:36:16,478 INFO org.apache.juli.logging.DirectJDKLog [restartedMain] Starting service [Tomcat]
2021-05-13 12:36:16,478 INFO org.apache.juli.logging.DirectJDKLog [restartedMain] Starting Servlet engine: [Apache Tomcat/9.0.45]
2021-05-13 12:36:16,568 INFO org.apache.juli.logging.DirectJDKLog [restartedMain] Initializing Spring embedded WebApplicationContext
2021-05-13 12:36:16,569 INFO org.springframework.boot.web.servlet.context.ServletWebServerApplicationContext [restartedMain] Root WebApplicationContext: initialization completed in 1926 ms
2021-05-13 12:36:16,704 INFO com.zaxxer.hikari.HikariDataSource [restartedMain] HikariPool-5 - Starting...
2021-05-13 12:36:16,706 WARN com.zaxxer.hikari.util.DriverDataSource [restartedMain] Registered driver with driverClassName=oracle.jdbc.driver.OracleDriver was not found, trying direct instantiation.
2021-05-13 12:36:16,748 INFO com.zaxxer.hikari.HikariDataSource [restartedMain] HikariPool-5 - Start completed.
2021-05-13 12:36:16,778 INFO org.hibernate.jpa.internal.util.LogHelper [restartedMain] HHH000204: Processing PersistenceUnitInfo [name: default]
2021-05-13 12:36:16,799 INFO org.hibernate.dialect.Dialect [restartedMain] HHH000400: Using dialect: org.hibernate.dialect.Oracle10gDialect
2021-05-13 12:36:17,094 INFO org.hibernate.engine.transaction.jta.platform.internal.JtaPlatformInitiator [restartedMain] HHH000490: Using JtaPlatform implementation: [org.hibernate.engine.transaction.jta.platform.internal.NoJtaPlatform]
2021-05-13 12:36:17,096 INFO org.springframework.orm.jpa.AbstractEntityManagerFactoryBean [restartedMain] Initialized JPA EntityManagerFactory for persistence unit 'default'
2021-05-13 12:36:17,793 WARN org.springframework.boot.autoconfigure.orm.jpa.JpaBaseConfiguration$JpaWebConfiguration [restartedMain] spring.jpa.open-in-view is enabled by default. Therefore, database queries may be performed during view rendering. Explicitly configure spring.jpa.open-in-view to disable this warning
2021-05-13 12:36:17,947 INFO springfox.documentation.spring.web.PropertySourcedRequestMappingHandlerMapping [restartedMain] Mapped URL path [/v2/api-docs] onto method [springfox.documentation.swagger2.web.Swagger2Controller#getDocumentation(String, HttpServletRequest)]
2021-05-13 12:36:18,137 INFO org.springframework.scheduling.concurrent.ExecutorConfigurationSupport [restartedMain] Initializing ExecutorService 'applicationTaskExecutor'
2021-05-13 12:36:18,181 INFO org.springframework.boot.devtools.autoconfigure.OptionalLiveReloadServer [restartedMain] LiveReload server is running on port 35729
2021-05-13 12:36:18,407 INFO org.apache.juli.logging.DirectJDKLog [restartedMain] Starting ProtocolHandler ["http-nio-8083"]
2021-05-13 12:36:18,413 INFO org.springframework.boot.web.embedded.tomcat.TomcatWebServer [restartedMain] Tomcat started on port(s): 8083 (http) with context path ''
2021-05-13 12:36:18,415 INFO springfox.documentation.spring.web.plugins.DocumentationPluginsBootstrapper [restartedMain] Context refreshed
2021-05-13 12:36:18,416 INFO springfox.documentation.spring.web.plugins.DocumentationPluginsBootstrapper [restartedMain] Found 1 custom documentation plugin(s)
2021-05-13 12:36:18,424 INFO springfox.documentation.spring.web.scanners.ApiListingReferenceScanner [restartedMain] Scanning for api listing references
2021-05-13 12:36:18,705 INFO springfox.documentation.spring.web.readers.operation.CachingOperationNameGenerator [restartedMain] Generating unique operation named: removeCustomerUsingDELETE_1
2021-05-13 12:36:18,833 INFO springfox.documentation.spring.web.readers.operation.CachingOperationNameGenerator [restartedMain] Generating unique operation named: viewAllProductsUsingGET_1
2021-05-13 12:36:18,859 INFO org.springframework.boot.StartupInfoLogger [restartedMain] Started OnlineShoppingApplication in 4.472 seconds (JVM running for 14137.861)
2021-05-13 12:36:18,863 INFO org.springframework.boot.devtools.autoconfigure.ConditionEvaluationDeltaLoggingListener [restartedMain] Condition evaluation unchanged
2021-05-13 12:36:25,174 INFO org.springframework.scheduling.concurrent.ExecutorConfigurationSupport [Thread-41] Shutting down ExecutorService 'applicationTaskExecutor'
2021-05-13 12:36:25,177 INFO org.springframework.orm.jpa.AbstractEntityManagerFactoryBean [Thread-41] Closing JPA EntityManagerFactory for persistence unit 'default'
2021-05-13 12:36:25,179 INFO com.zaxxer.hikari.HikariDataSource [Thread-41] HikariPool-5 - Shutdown initiated...
2021-05-13 12:36:25,187 INFO com.zaxxer.hikari.HikariDataSource [Thread-41] HikariPool-5 - Shutdown completed.
2021-05-13 12:36:25,451 INFO org.springframework.boot.StartupInfoLogger [restartedMain] Starting OnlineShoppingApplication using Java 15.0.2 on DESKTOP-I1F3RJM with PID 1048 (C:\Users\best buy\git\OnlineShoppingApplication\OnlineShoppingApplication\target\classes started by best buy in C:\Users\best buy\git\OnlineShoppingApplication\OnlineShoppingApplication)
2021-05-13 12:36:25,452 INFO org.springframework.boot.SpringApplication [restartedMain] No active profile set, falling back to default profiles: default
2021-05-13 12:36:26,380 INFO org.springframework.data.repository.config.RepositoryConfigurationDelegate [restartedMain] Bootstrapping Spring Data JPA repositories in DEFAULT mode.
2021-05-13 12:36:26,476 INFO org.springframework.data.repository.config.RepositoryConfigurationDelegate [restartedMain] Finished Spring Data repository scanning in 94 ms. Found 6 JPA repository interfaces.
2021-05-13 12:36:26,742 INFO org.springframework.boot.web.embedded.tomcat.TomcatWebServer [restartedMain] Tomcat initialized with port(s): 8083 (http)
2021-05-13 12:36:26,743 INFO org.apache.juli.logging.DirectJDKLog [restartedMain] Initializing ProtocolHandler ["http-nio-8083"]
2021-05-13 12:36:26,744 INFO org.apache.juli.logging.DirectJDKLog [restartedMain] Starting service [Tomcat]
2021-05-13 12:36:26,744 INFO org.apache.juli.logging.DirectJDKLog [restartedMain] Starting Servlet engine: [Apache Tomcat/9.0.45]
2021-05-13 12:36:26,867 INFO org.apache.juli.logging.DirectJDKLog [restartedMain] Initializing Spring embedded WebApplicationContext
2021-05-13 12:36:26,868 INFO org.springframework.boot.web.servlet.context.ServletWebServerApplicationContext [restartedMain] Root WebApplicationContext: initialization completed in 1406 ms
2021-05-13 12:36:27,063 INFO com.zaxxer.hikari.HikariDataSource [restartedMain] HikariPool-6 - Starting...
2021-05-13 12:36:27,063 WARN com.zaxxer.hikari.util.DriverDataSource [restartedMain] Registered driver with driverClassName=oracle.jdbc.driver.OracleDriver was not found, trying direct instantiation.
2021-05-13 12:36:27,110 INFO com.zaxxer.hikari.HikariDataSource [restartedMain] HikariPool-6 - Start completed.
2021-05-13 12:36:27,141 INFO org.hibernate.jpa.internal.util.LogHelper [restartedMain] HHH000204: Processing PersistenceUnitInfo [name: default]
2021-05-13 12:36:27,161 INFO org.hibernate.dialect.Dialect [restartedMain] HHH000400: Using dialect: org.hibernate.dialect.Oracle10gDialect
2021-05-13 12:36:27,411 INFO org.hibernate.engine.transaction.jta.platform.internal.JtaPlatformInitiator [restartedMain] HHH000490: Using JtaPlatform implementation: [org.hibernate.engine.transaction.jta.platform.internal.NoJtaPlatform]
2021-05-13 12:36:27,412 INFO org.springframework.orm.jpa.AbstractEntityManagerFactoryBean [restartedMain] Initialized JPA EntityManagerFactory for persistence unit 'default'
2021-05-13 12:36:28,058 WARN org.springframework.boot.autoconfigure.orm.jpa.JpaBaseConfiguration$JpaWebConfiguration [restartedMain] spring.jpa.open-in-view is enabled by default. Therefore, database queries may be performed during view rendering. Explicitly configure spring.jpa.open-in-view to disable this warning
2021-05-13 12:36:28,166 INFO springfox.documentation.spring.web.PropertySourcedRequestMappingHandlerMapping [restartedMain] Mapped URL path [/v2/api-docs] onto method [springfox.documentation.swagger2.web.Swagger2Controller#getDocumentation(String, HttpServletRequest)]
2021-05-13 12:36:28,243 INFO org.springframework.scheduling.concurrent.ExecutorConfigurationSupport [restartedMain] Initializing ExecutorService 'applicationTaskExecutor'
2021-05-13 12:36:28,266 INFO org.springframework.boot.devtools.autoconfigure.OptionalLiveReloadServer [restartedMain] LiveReload server is running on port 35729
2021-05-13 12:36:28,382 INFO org.apache.juli.logging.DirectJDKLog [restartedMain] Starting ProtocolHandler ["http-nio-8083"]
2021-05-13 12:36:28,388 INFO org.springframework.boot.web.embedded.tomcat.TomcatWebServer [restartedMain] Tomcat started on port(s): 8083 (http) with context path ''
2021-05-13 12:36:28,390 INFO springfox.documentation.spring.web.plugins.DocumentationPluginsBootstrapper [restartedMain] Context refreshed
2021-05-13 12:36:28,391 INFO springfox.documentation.spring.web.plugins.DocumentationPluginsBootstrapper [restartedMain] Found 1 custom documentation plugin(s)
2021-05-13 12:36:28,399 INFO springfox.documentation.spring.web.scanners.ApiListingReferenceScanner [restartedMain] Scanning for api listing references
2021-05-13 12:36:28,608 INFO springfox.documentation.spring.web.readers.operation.CachingOperationNameGenerator [restartedMain] Generating unique operation named: removeCustomerUsingDELETE_1
2021-05-13 12:36:28,751 INFO springfox.documentation.spring.web.readers.operation.CachingOperationNameGenerator [restartedMain] Generating unique operation named: viewAllProductsUsingGET_1
2021-05-13 12:36:28,777 INFO org.springframework.boot.StartupInfoLogger [restartedMain] Started OnlineShoppingApplication in 3.455 seconds (JVM running for 14147.78)
2021-05-13 12:36:28,779 INFO org.springframework.boot.devtools.autoconfigure.ConditionEvaluationDeltaLoggingListener [restartedMain] Condition evaluation unchanged
